[debug] [2023-09-07T04:38:48.399Z] ----------------------------------------------------------------------
[debug] [2023-09-07T04:38:48.518Z] Command:       C:\Program Files\nodejs\node.exe C:\Users\Lucas\AppData\Roaming\npm\node_modules\firebase-tools\lib\bin\firebase.js init hosting
[debug] [2023-09-07T04:38:48.526Z] CLI Version:   11.24.1
[debug] [2023-09-07T04:38:48.527Z] Platform:      win32
[debug] [2023-09-07T04:38:48.527Z] Node Version:  v18.15.0
[debug] [2023-09-07T04:38:48.533Z] Time:          Thu Sep 07 2023 01:38:48 GMT-0300 (Horário Padrão de Brasília)
[debug] [2023-09-07T04:38:48.556Z] ----------------------------------------------------------------------
[debug] 
[debug] [2023-09-07T04:38:48.641Z] > command requires scopes: ["email","openid","https://www.googleapis.com/auth/cloudplatformprojects.readonly","https://www.googleapis.com/auth/firebase","https://www.googleapis.com/auth/cloud-platform"]
[debug] [2023-09-07T04:38:48.645Z] > authorizing via signed-in user (lucasamuel741@gmail.com)
[info] 
     ######## #### ########  ######## ########     ###     ######  ########
     ##        ##  ##     ## ##       ##     ##  ##   ##  ##       ##
     ######    ##  ########  ######   ########  #########  ######  ######
     ##        ##  ##    ##  ##       ##     ## ##     ##       ## ##
     ##       #### ##     ## ######## ########  ##     ##  ######  ########

You're about to initialize a Firebase project in this directory:

  C:\Users\Lucas\Desktop\mbl-energia-solar

[info] 
=== Project Setup
[info] 
[info] First, let's associate this project directory with a Firebase project.
[info] You can create multiple project aliases by running firebase use --add, 
[info] but for now we'll just set up a default project.
[info] 
[info] 
=== Hosting Setup
[info] 
[info] Your public directory is the folder (relative to your project directory) that
[info] will contain Hosting assets to be uploaded with firebase deploy. If you
[info] have a build process for your assets, use your build's output directory.
[info] 
[debug] [2023-09-07T04:40:21.260Z] ----------------------------------------------------------------------
[debug] [2023-09-07T04:40:21.268Z] Command:       C:\Program Files\nodejs\node.exe C:\Users\Lucas\AppData\Roaming\npm\node_modules\firebase-tools\lib\bin\firebase.js init hosting
[debug] [2023-09-07T04:40:21.270Z] CLI Version:   11.24.1
[debug] [2023-09-07T04:40:21.271Z] Platform:      win32
[debug] [2023-09-07T04:40:21.272Z] Node Version:  v18.15.0
[debug] [2023-09-07T04:40:21.274Z] Time:          Thu Sep 07 2023 01:40:21 GMT-0300 (Horário Padrão de Brasília)
[debug] [2023-09-07T04:40:21.276Z] ----------------------------------------------------------------------
[debug] 
[debug] [2023-09-07T04:40:21.343Z] > command requires scopes: ["email","openid","https://www.googleapis.com/auth/cloudplatformprojects.readonly","https://www.googleapis.com/auth/firebase","https://www.googleapis.com/auth/cloud-platform"]
[debug] [2023-09-07T04:40:21.345Z] > authorizing via signed-in user (lucasamuel741@gmail.com)
[info] 
     ######## #### ########  ######## ########     ###     ######  ########
     ##        ##  ##     ## ##       ##     ##  ##   ##  ##       ##
     ######    ##  ########  ######   ########  #########  ######  ######
     ##        ##  ##    ##  ##       ##     ## ##     ##       ## ##
     ##       #### ##     ## ######## ########  ##     ##  ######  ########

You're about to initialize a Firebase project in this directory:

  C:\Users\Lucas\Desktop\mbl-energia-solar

[info] 
=== Project Setup
[info] 
[info] First, let's associate this project directory with a Firebase project.
[info] You can create multiple project aliases by running firebase use --add, 
[info] but for now we'll just set up a default project.
[info] 
[debug] [2023-09-07T04:40:39.828Z] >>> [apiv2][query] GET https://firebase.googleapis.com/v1beta1/projects pageSize=100
[debug] [2023-09-07T04:40:41.078Z] <<< [apiv2][status] GET https://firebase.googleapis.com/v1beta1/projects 200
[debug] [2023-09-07T04:40:41.079Z] <<< [apiv2][body] GET https://firebase.googleapis.com/v1beta1/projects [omitted]
[info] i  Using project mblmbl-energia-solar (mblmbl-energia-solar) 
[info] 
=== Hosting Setup
[info] 
[info] Your public directory is the folder (relative to your project directory) that
[info] will contain Hosting assets to be uploaded with firebase deploy. If you
[info] have a build process for your assets, use your build's output directory.
[info] 
